<?xml version="1.0" encoding="UTF-8"?>
<!-- Generated by org.testng.reporters.JUnitXMLReporter -->
<testsuite hostname="F04084" ignored="0" name="Command line test" tests="1" failures="1" timestamp="04 May 2017 18:39:31 GMT" time="11.598" errors="0">
  <testcase name="verifyLogin" time="0.003" classname="com.jef.tool.SanityTest">
    <failure type="java.lang.NullPointerException">
      <![CDATA[java.lang.NullPointerException
	at com.jef.tool.SanityTest.verifyLogin(SanityTest.java:41)
... Removed 35 stack frames]]>
    </failure>
  </testcase> <!-- verifyLogin -->
</testsuite> <!-- Command line test -->
