-------------------------------------------------------------------------------
Test set: TestSuite
-------------------------------------------------------------------------------
Tests run: 1, Failures: 1, Errors: 0, Skipped: 0, Time elapsed: 11.862 sec <<< FAILURE!
verifyLogin(com.jef.tool.SanityTest)  Time elapsed: 0.008 sec  <<< FAILURE!
java.lang.NullPointerException
	at com.jef.tool.SanityTest.verifyLogin(SanityTest.java:41)
